<?xml version="1.0" encoding="UTF-8"?>
<!-- Generated by org.testng.reporters.JUnitReportReporter -->
<testsuite skipped="0" hostname="DESKTOP-08I2GPS" name="com.revature.pageObjModel.Tests.SearchTest" tests="1" failures="0" timestamp="2019-11-27T17:18:04 IST" time="16.333" errors="1">
  <testcase name="TypeinSearchFieldTest" time="16.333" classname="com.revature.pageObjModel.Tests.SearchTest">
    <error type="org.openqa.selenium.SessionNotCreatedException" message="session not created
from chrome not reachable
  (Session info: chrome=78.0.3904.108)
Build info: version: &#039;3.141.59&#039;, revision: &#039;e82be7d358&#039;, time: &#039;2018-11-14T08:25:48&#039;
System info: host: &#039;DESKTOP-08I2GPS&#039;, ip: &#039;192.168.0.123&#039;, os.name: &#039;Windows 10&#039;, os.arch: &#039;amd64&#039;, os.version: &#039;10.0&#039;, java.version: &#039;1.8.0_231&#039;
Driver info: driver.version: ChromeDriver
remote stacktrace: Backtrace:
	Ordinal0 [0x002CA923+1550627]
	Ordinal0 [0x0024A731+1025841]
	Ordinal0 [0x001CC5BE+509374]
	Ordinal0 [0x001C62F2+484082]
	Ordinal0 [0x001C69CB+485835]
	Ordinal0 [0x001C7B35+490293]
	Ordinal0 [0x001C3AB5+473781]
	Ordinal0 [0x001CD360+512864]
	Ordinal0 [0x0017B649+177737]
	Ordinal0 [0x0017A8ED+174317]
	Ordinal0 [0x00178CDB+167131]
	Ordinal0 [0x0016144A+70730]
	Ordinal0 [0x001624D0+74960]
	Ordinal0 [0x00162469+74857]
	Ordinal0 [0x002642F7+1131255]
	GetHandleVerifier [0x0036711D+523789]
	GetHandleVerifier [0x00366EB0+523168]
	GetHandleVerifier [0x0036E207+552695]
	GetHandleVerifier [0x0036791A+525834]
	Ordinal0 [0x0025B82C+1095724]
	Ordinal0 [0x0026636B+1139563]
	Ordinal0 [0x002664D3+1139923]
	Ordinal0 [0x00265455+1135701]
	BaseThreadInitThunk [0x774B6359+25]
	RtlGetAppContainerNamedObjectPath [0x77E77B74+228]
	RtlGetAppContainerNamedObjectPath [0x77E77B44+180]
">
      <![CDATA[org.openqa.selenium.SessionNotCreatedException: session not created
from chrome not reachable
  (Session info: chrome=78.0.3904.108)
Build info: version: '3.141.59', revision: 'e82be7d358', time: '2018-11-14T08:25:48'
System info: host: 'DESKTOP-08I2GPS', ip: '192.168.0.123', os.name: 'Windows 10', os.arch: 'amd64', os.version: '10.0', java.version: '1.8.0_231'
Driver info: driver.version: ChromeDriver
remote stacktrace: Backtrace:
Ordinal0 [0x002CA923+1550627]
Ordinal0 [0x0024A731+1025841]
Ordinal0 [0x001CC5BE+509374]
Ordinal0 [0x001C62F2+484082]
Ordinal0 [0x001C69CB+485835]
Ordinal0 [0x001C7B35+490293]
Ordinal0 [0x001C3AB5+473781]
Ordinal0 [0x001CD360+512864]
Ordinal0 [0x0017B649+177737]
Ordinal0 [0x0017A8ED+174317]
Ordinal0 [0x00178CDB+167131]
Ordinal0 [0x0016144A+70730]
Ordinal0 [0x001624D0+74960]
Ordinal0 [0x00162469+74857]
Ordinal0 [0x002642F7+1131255]
GetHandleVerifier [0x0036711D+523789]
GetHandleVerifier [0x00366EB0+523168]
GetHandleVerifier [0x0036E207+552695]
GetHandleVerifier [0x0036791A+525834]
Ordinal0 [0x0025B82C+1095724]
Ordinal0 [0x0026636B+1139563]
Ordinal0 [0x002664D3+1139923]
Ordinal0 [0x00265455+1135701]
BaseThreadInitThunk [0x774B6359+25]
RtlGetAppContainerNamedObjectPath [0x77E77B74+228]
RtlGetAppContainerNamedObjectPath [0x77E77B44+180]

at sun.reflect.NativeConstructorAccessorImpl.newInstance0(Native Method)
at sun.reflect.NativeConstructorAccessorImpl.newInstance(NativeConstructorAccessorImpl.java:62)
at sun.reflect.DelegatingConstructorAccessorImpl.newInstance(DelegatingConstructorAccessorImpl.java:45)
at java.lang.reflect.Constructor.newInstance(Constructor.java:423)
at org.openqa.selenium.remote.W3CHandshakeResponse.lambda$errorHandler$0(W3CHandshakeResponse.java:62)
at org.openqa.selenium.remote.HandshakeResponse.lambda$getResponseFunction$0(HandshakeResponse.java:30)
at org.openqa.selenium.remote.ProtocolHandshake.lambda$createSession$0(ProtocolHandshake.java:126)
at java.util.stream.ReferencePipeline$3$1.accept(ReferencePipeline.java:193)
at java.util.Spliterators$ArraySpliterator.tryAdvance(Spliterators.java:958)
at java.util.stream.ReferencePipeline.forEachWithCancel(ReferencePipeline.java:126)
at java.util.stream.AbstractPipeline.copyIntoWithCancel(AbstractPipeline.java:499)
at java.util.stream.AbstractPipeline.copyInto(AbstractPipeline.java:486)
at java.util.stream.AbstractPipeline.wrapAndCopyInto(AbstractPipeline.java:472)
at java.util.stream.FindOps$FindOp.evaluateSequential(FindOps.java:152)
at java.util.stream.AbstractPipeline.evaluate(AbstractPipeline.java:234)
at java.util.stream.ReferencePipeline.findFirst(ReferencePipeline.java:464)
at org.openqa.selenium.remote.ProtocolHandshake.createSession(ProtocolHandshake.java:128)
at org.openqa.selenium.remote.ProtocolHandshake.createSession(ProtocolHandshake.java:74)
at org.openqa.selenium.remote.HttpCommandExecutor.execute(HttpCommandExecutor.java:136)
at org.openqa.selenium.remote.service.DriverCommandExecutor.execute(DriverCommandExecutor.java:83)
at org.openqa.selenium.remote.RemoteWebDriver.execute(RemoteWebDriver.java:552)
at org.openqa.selenium.remote.RemoteWebDriver.startSession(RemoteWebDriver.java:213)
at org.openqa.selenium.remote.RemoteWebDriver.<init>(RemoteWebDriver.java:131)
at org.openqa.selenium.chrome.ChromeDriver.<init>(ChromeDriver.java:181)
at org.openqa.selenium.chrome.ChromeDriver.<init>(ChromeDriver.java:168)
at org.openqa.selenium.chrome.ChromeDriver.<init>(ChromeDriver.java:123)
at com.revature.pageObjModel.ConnectionUtill.ChromeConnection.getChromeConnection(ChromeConnection.java:13)
at com.revature.pageObjModel.Tests.SearchTest.TypeinSearchFieldTest(SearchTest.java:15)
at sun.reflect.NativeMethodAccessorImpl.invoke0(Native Method)
at sun.reflect.NativeMethodAccessorImpl.invoke(NativeMethodAccessorImpl.java:62)
at sun.reflect.DelegatingMethodAccessorImpl.invoke(DelegatingMethodAccessorImpl.java:43)
at java.lang.reflect.Method.invoke(Method.java:498)
at org.testng.internal.MethodInvocationHelper.invokeMethod(MethodInvocationHelper.java:133)
at org.testng.internal.TestInvoker.invokeMethod(TestInvoker.java:584)
at org.testng.internal.TestInvoker.invokeTestMethod(TestInvoker.java:172)
at org.testng.internal.MethodRunner.runInSequence(MethodRunner.java:46)
at org.testng.internal.TestInvoker$MethodInvocationAgent.invoke(TestInvoker.java:804)
at org.testng.internal.TestInvoker.invokeTestMethods(TestInvoker.java:145)
at org.testng.internal.TestMethodWorker.invokeTestMethods(TestMethodWorker.java:146)
at org.testng.internal.TestMethodWorker.run(TestMethodWorker.java:128)
at java.util.ArrayList.forEach(ArrayList.java:1257)
at org.testng.TestRunner.privateRun(TestRunner.java:770)
at org.testng.TestRunner.run(TestRunner.java:591)
at org.testng.SuiteRunner.runTest(SuiteRunner.java:402)
at org.testng.SuiteRunner.runSequentially(SuiteRunner.java:396)
at org.testng.SuiteRunner.privateRun(SuiteRunner.java:355)
at org.testng.SuiteRunner.run(SuiteRunner.java:304)
at org.testng.SuiteRunnerWorker.runSuite(SuiteRunnerWorker.java:53)
at org.testng.SuiteRunnerWorker.run(SuiteRunnerWorker.java:96)
at org.testng.TestNG.runSuitesSequentially(TestNG.java:1180)
at org.testng.TestNG.runSuitesLocally(TestNG.java:1102)
at org.testng.TestNG.runSuites(TestNG.java:1032)
at org.testng.TestNG.run(TestNG.java:1000)
at org.testng.remote.AbstractRemoteTestNG.run(AbstractRemoteTestNG.java:115)
at org.testng.remote.RemoteTestNG.initAndRun(RemoteTestNG.java:251)
at org.testng.remote.RemoteTestNG.main(RemoteTestNG.java:77)
]]>
    </error>
  </testcase> <!-- TypeinSearchFieldTest -->
</testsuite> <!-- com.revature.pageObjModel.Tests.SearchTest -->
